<?xml version="1.0" encoding="UTF-8"?>
<testng-results skipped="0" failed="0" ignored="0" total="1" passed="1">
  <reporter-output>
  </reporter-output>
  <suite name="Suite" duration-ms="29456" started-at="2019-07-27T06:03:40Z" finished-at="2019-07-27T06:04:10Z">
    <groups>
    </groups>
    <test name="Test" duration-ms="29456" started-at="2019-07-27T06:03:40Z" finished-at="2019-07-27T06:04:10Z">
      <class name="com.demo.Steps.LoginStep">
        <test-method status="PASS" signature="initilizeReports()[pri:0, instance:com.demo.Steps.LoginStep@685cb137]" name="initilizeReports" is-config="true" duration-ms="172" started-at="2019-07-27T06:03:40Z" finished-at="2019-07-27T06:03:40Z">
          <reporter-output>
          </reporter-output>
        </test-method> <!-- initilizeReports -->
        <test-method status="PASS" signature="beforeMethod(java.lang.String, java.lang.String, java.lang.reflect.Method)[pri:0, instance:com.demo.Steps.LoginStep@685cb137]" name="beforeMethod" is-config="true" duration-ms="9777" started-at="2019-07-27T06:03:40Z" finished-at="2019-07-27T06:03:50Z">
          <params>
            <param index="0">
              <value>
                <![CDATA[chrome]]>
              </value>
            </param>
            <param index="1">
              <value>
                <![CDATA[Qa]]>
              </value>
            </param>
            <param index="2">
              <value>
                <![CDATA[public void com.demo.Steps.LoginStep.logingmail() throws java.lang.InterruptedException]]>
              </value>
            </param>
          </params>
          <reporter-output>
          </reporter-output>
        </test-method> <!-- beforeMethod -->
        <test-method status="PASS" signature="logingmail()[pri:0, instance:com.demo.Steps.LoginStep@685cb137]" name="logingmail" duration-ms="18784" started-at="2019-07-27T06:03:50Z" finished-at="2019-07-27T06:04:09Z">
          <reporter-output>
          </reporter-output>
        </test-method> <!-- logingmail -->
        <test-method status="PASS" signature="afterMethod()[pri:0, instance:com.demo.Steps.LoginStep@685cb137]" name="afterMethod" is-config="true" duration-ms="875" started-at="2019-07-27T06:04:09Z" finished-at="2019-07-27T06:04:10Z">
          <reporter-output>
          </reporter-output>
        </test-method> <!-- afterMethod -->
        <test-method status="PASS" signature="flushReports()[pri:0, instance:com.demo.Steps.LoginStep@685cb137]" name="flushReports" is-config="true" duration-ms="1509" started-at="2019-07-27T06:04:10Z" finished-at="2019-07-27T06:04:12Z">
          <reporter-output>
          </reporter-output>
        </test-method> <!-- flushReports -->
      </class> <!-- com.demo.Steps.LoginStep -->
    </test> <!-- Test -->
  </suite> <!-- Suite -->
</testng-results>
